<?xml version="1.0" encoding="UTF-8"?>
<!-- Generated by org.testng.reporters.JUnitXMLReporter -->
<testsuite ignored="0" hostname="DESKTOP-RH03703" failures="0" tests="2" name="Test_Runner-firefox" time="45.17" errors="0" timestamp="2023-03-31T10:41:39 GST">
  <testcase classname="vtiger.Organization.Tests.CreateOrganizationTest" name="createOrgTest" time="13.555"/>
  <testcase classname="vtiger.Organization.Tests.CreateOrganizationTest" name="demo" time="0.003"/>
</testsuite> <!-- Test_Runner-firefox -->
